<?xml version="1.0" encoding="UTF-8"?>
<!-- Generated by org.testng.reporters.JUnitReportReporter -->
<testsuite ignored="0" hostname="DESKTOP-F40HVPV" failures="0" tests="3" name="com.hybridFramework.IRALaunchPage.IRAInsuranceRenew" time="66.253" errors="0" timestamp="19 Oct 2021 14:38:56 GMT" skipped="0">
  <testcase classname="com.hybridFramework.IRALaunchPage.IRAInsuranceRenew" name="startWithIRA" time="46.718"/>
  <testcase classname="com.hybridFramework.IRALaunchPage.IRAInsuranceRenew" name="buyNewPolicy" time="11.155"/>
  <testcase classname="com.hybridFramework.IRALaunchPage.IRAInsuranceRenew" name="intimateAClaim" time="8.380"/>
</testsuite> <!-- com.hybridFramework.IRALaunchPage.IRAInsuranceRenew -->
