<?xml version="1.0" encoding="UTF-8"?>
<!-- Generated by org.testng.reporters.JUnitReportReporter -->
<testsuite ignored="0" hostname="DESKTOP-F40HVPV" failures="0" tests="3" name="com.hybridFramework.IRALaunchPage.IRAlaunchpage" time="64.943" errors="0" timestamp="19 Oct 2021 14:38:56 GMT" skipped="0">
  <testcase classname="com.hybridFramework.IRALaunchPage.IRAlaunchpage" name="tryWithNewKeyWords" time="15.585"/>
  <testcase classname="com.hybridFramework.IRALaunchPage.IRAlaunchpage" name="fillForm" time="22.145"/>
  <testcase classname="com.hybridFramework.IRALaunchPage.IRAlaunchpage" name="startWithIRA" time="27.213"/>
</testsuite> <!-- com.hybridFramework.IRALaunchPage.IRAlaunchpage -->
